{
  "RSpec": {
    "coverage": {
      "/home/user/Documents/chiwork/soket/spec/support/factory_girl.rb": [
        1,
        1,
        null
      ],
      "/home/user/Documents/chiwork/soket/app/controllers/api/v1/application_controller.rb": [
        1,
        1,
        1,
        1,
        7,
        null,
        null,
        1,
        0,
        null,
        null,
        null,
        null
      ],
      "/home/user/Documents/chiwork/soket/spec/controllers/api/v1/messages_controller_spec.rb": [
        1,
        null,
        1,
        6,
        null,
        1,
        3,
        3,
        2,
        null,
        1,
        3,
        1,
        1,
        null,
        1,
        1,
        1,
        5,
        null,
        null,
        null,
        null,
        null,
        1,
        4,
        4,
        2,
        null,
        1,
        3,
        null,
        1,
        1,
        null,
        null,
        1,
        1,
        1,
        null,
        null,
        null,
        1,
        1,
        4,
        null,
        null,
        null,
        null
      ],
      "/home/user/Documents/chiwork/soket/app/controllers/api/v1/messages_controller.rb": [
        1,
        1,
        1,
        1,
        2,
        2,
        null,
        null,
        1,
        3,
        3,
        3,
        3,
        null,
        0,
        null,
        null,
        null,
        1,
        null,
        1,
        3,
        null,
        null,
        null,
        null
      ],
      "/home/user/Documents/chiwork/soket/spec/controllers/api/v1/users_controller_spec.rb": [
        1,
        null,
        1,
        3,
        1,
        3,
        2,
        null,
        1,
        3,
        1,
        1,
        null,
        1,
        1,
        null,
        null,
        null,
        null
      ],
      "/home/user/Documents/chiwork/soket/app/controllers/api/v1/users_controller.rb": [
        1,
        1,
        1,
        1,
        2,
        2,
        null,
        null,
        null,
        null
      ],
      "/home/user/Documents/chiwork/soket/spec/controllers/chat_controller_spec.rb": [
        1,
        null,
        1,
        null,
        null
      ],
      "/home/user/Documents/chiwork/soket/app/controllers/chat_controller.rb": [
        1,
        1,
        null,
        null
      ],
      "/home/user/Documents/chiwork/soket/app/controllers/application_controller.rb": [
        1,
        null,
        null,
        1,
        null
      ],
      "/home/user/Documents/chiwork/soket/spec/helpers/api/v1/application_helper_spec.rb": [
        1,
        null,
        1,
        null
      ],
      "/home/user/Documents/chiwork/soket/spec/helpers/api/v1/messages_helper_spec.rb": [
        1,
        null,
        1,
        null,
        null
      ],
      "/home/user/Documents/chiwork/soket/spec/helpers/api/v1/users_helper_spec.rb": [
        1,
        null,
        1,
        null
      ],
      "/home/user/Documents/chiwork/soket/spec/helpers/chat_helper_spec.rb": [
        1,
        null,
        1,
        null,
        null
      ],
      "/home/user/Documents/chiwork/soket/spec/models/message_spec.rb": [
        1,
        null,
        1,
        2,
        null
      ],
      "/home/user/Documents/chiwork/soket/app/models/message.rb": [
        1,
        1,
        null
      ],
      "/home/user/Documents/chiwork/soket/spec/models/user_spec.rb": [
        1,
        null,
        1,
        2,
        null
      ],
      "/home/user/Documents/chiwork/soket/app/models/user.rb": [
        1,
        1,
        null
      ],
      "/home/user/Documents/chiwork/soket/spec/routing/api/v1/messages_routing_spec.rb": [
        1,
        null,
        1,
        3,
        2,
        2,
        null
      ],
      "/home/user/Documents/chiwork/soket/spec/routing/api/v1/users_routing_spec.rb": [
        1,
        null,
        1,
        2,
        2,
        null
      ],
      "/home/user/Documents/chiwork/soket/app/serializers/message_serializer.rb": [
        1,
        1,
        null
      ],
      "/home/user/Documents/chiwork/soket/app/serializers/user_serializer.rb": [
        1,
        1,
        null
      ]
    },
    "timestamp": 1437550806
  }
}
