{
  "RSpec": {
    "coverage": {
      "/home/user/Documents/chiwork/soket/spec/support/factory_girl.rb": [
        1,
        1,
        null
      ],
      "/home/user/Documents/chiwork/soket/app/controllers/api/v1/messages_controller.rb": [
        1,
        null
      ],
      "/home/user/Documents/chiwork/soket/app/controllers/application_controller.rb": [
        1,
        null,
        null,
        1,
        null
      ],
      "/home/user/Documents/chiwork/soket/app/models/user.rb": [
        1,
        1,
        null
      ],
      "/home/user/Documents/chiwork/soket/app/models/message.rb": [
        1,
        1,
        null
      ]
    },
    "timestamp": 1437411261
  }
}
